<?xml version="1.0" encoding="UTF-8"?>
<!-- Generated by org.testng.reporters.JUnitReportReporter -->
<testsuite hostname="TSG-LAP-216" failures="0" tests="3" name="test01.Mobile_Results" time="26.803" errors="0" timestamp="2024-06-19T16:20:44 IST" skipped="0">
  <testcase classname="test01.Mobile_Results" name="launch" time="18.525"/>
  <system-out/>
  <testcase classname="test01.Mobile_Results" name="search" time="8.187"/>
  <system-out/>
  <testcase classname="test01.Mobile_Results" name="listMobileNames" time="0.091"/>
  <system-out/>
</testsuite> <!-- test01.Mobile_Results -->
