<?xml version="1.0" encoding="UTF-8"?>
<!-- Generated by org.testng.reporters.JUnitReportReporter -->
<testsuite hostname="TSG-LAP-216" failures="0" tests="2" name="end2end.LoginTest" time="0.019" errors="0" timestamp="2024-06-13T16:45:02 IST" skipped="0">
  <testcase classname="end2end.LoginTest" name="alogout" time="0.014"/>
  <system-out/>
  <testcase classname="end2end.LoginTest" name="blogin" time="0.005"/>
  <system-out/>
</testsuite> <!-- end2end.LoginTest -->
